<?xml version="1.0" encoding="UTF-8"?>
<!-- Generated by org.testng.reporters.JUnitReportReporter -->
<testsuite hostname="Mustafizurs-MBP.lan" failures="0" tests="3" name="tests.PutPatchDeleteExamples" time="3.039" errors="0" timestamp="2023-02-05T22:53:20 CST" skipped="0">
  <testcase classname="tests.PutPatchDeleteExamples" name="testDelete" time="2.069"/>
  <system-out/>
  <testcase classname="tests.PutPatchDeleteExamples" name="testPatch" time="0.591"/>
  <system-out/>
  <testcase classname="tests.PutPatchDeleteExamples" name="testPut" time="0.379"/>
  <system-out/>
</testsuite> <!-- tests.PutPatchDeleteExamples -->
