<?xml version="1.0" encoding="UTF-8"?>
<!-- Generated by org.testng.reporters.JUnitReportReporter -->
<testsuite hostname="Mustafizurs-MBP.lan" failures="0" tests="3" name="tests.TestExamples" time="2.623" errors="0" timestamp="2023-02-05T21:37:56 CST" skipped="0">
  <testcase classname="tests.TestExamples" name="testPost" time="0.549"/>
  <system-out/>
  <testcase classname="tests.TestExamples" name="test1" time="1.369"/>
  <system-out/>
  <testcase classname="tests.TestExamples" name="testGet" time="0.705"/>
  <system-out/>
</testsuite> <!-- tests.TestExamples -->
